[2022-12-13T16:47:23.176475+00:00] name.INFO: An- und Abmeldung [] []
[2022-12-13T16:56:10.887652+00:00] name.INFO: fehlgeschlagene Anmeldung [] []
[2022-12-13T16:56:15.586554+00:00] name.INFO: Anmeldung [] []
[2022-12-13T16:56:18.660285+00:00] name.INFO: Abmeldung [] []
[2022-12-13T16:57:49.354750+00:00] name.WARNING: fehlgeschlagene Anmeldung [] []
[2022-12-13T16:57:49.354750+00:00] name.WARNING: fehlgeschlagene Anmeldung [] []
[2022-12-13T16:57:55.671469+00:00] name.INFO: Anmeldung [] []
[2022-12-13T16:57:58.794893+00:00] name.INFO: Abmeldung [] []
[2022-12-13T17:14:12.066283+00:00] name.INFO: Anmeldung erfolgreich [] []
[2022-12-13T17:14:12.067056+00:00] name.INFO: Weiterleitung auf Hauptseite nach Anmeldung [] []
[2022-12-13T17:14:58.147588+00:00] name.INFO: Abmeldung [] []
[2022-12-13T17:15:05.015418+00:00] name.INFO: Anmeldung erfolgreich [] []
[2022-12-13T17:15:05.015675+00:00] name.INFO: Weiterleitung auf Hauptseite nach Anmeldung [] []
[2022-12-13T17:20:00.486626+00:00] name.INFO: Abmeldung [] []
[2022-12-13T17:20:08.983015+00:00] name.INFO: Anmeldung erfolgreich [] []
[2022-12-13T17:20:08.983383+00:00] name.INFO: Weiterleitung auf Hauptseite nach Anmeldung [] []
[2022-12-14T12:32:24.825554+00:00] name.INFO: Abmeldung [] []
[2022-12-14T12:32:49.243250+00:00] name.INFO: Anmeldung erfolgreich [] []
[2022-12-14T12:32:49.247573+00:00] name.INFO: Weiterleitung auf Hauptseite nach Anmeldung [] []
[2022-12-14T12:34:41.881857+00:00] name.INFO: Abmeldung [] []
[2022-12-14T12:34:54.901748+00:00] name.INFO: Anmeldung erfolgreich [] []
[2022-12-14T12:34:54.906135+00:00] name.INFO: Weiterleitung auf Hauptseite nach Anmeldung [] []
[2022-12-14T12:36:34.775038+00:00] name.INFO: Abmeldung [] []
[2022-12-14T12:36:39.858693+00:00] name.INFO: Anmeldung erfolgreich [] []
[2022-12-14T12:36:39.862704+00:00] name.INFO: Weiterleitung auf Hauptseite nach Anmeldung [] []
[2022-12-14T12:38:15.390360+00:00] name.INFO: Abmeldung [] []
[2022-12-14T12:38:20.926430+00:00] name.INFO: Anmeldung erfolgreich [] []
[2022-12-14T12:38:20.931778+00:00] name.INFO: Weiterleitung auf Hauptseite nach Anmeldung [] []
[2022-12-14T12:39:25.491420+00:00] name.INFO: Abmeldung [] []
[2022-12-14T12:39:29.746558+00:00] name.INFO: Anmeldung erfolgreich [] []
[2022-12-14T12:39:29.750628+00:00] name.INFO: Weiterleitung auf Hauptseite nach Anmeldung [] []
[2022-12-14T12:45:54.601305+00:00] name.INFO: Abmeldung [] []
[2022-12-14T12:45:59.600481+00:00] name.INFO: Anmeldung erfolgreich [] []
[2022-12-14T12:45:59.604484+00:00] name.INFO: Weiterleitung auf Hauptseite nach Anmeldung [] []
[2022-12-14T12:47:11.095329+00:00] name.INFO: Abmeldung [] []
[2022-12-14T12:47:16.210892+00:00] name.INFO: Anmeldung erfolgreich [] []
[2022-12-14T12:47:16.214555+00:00] name.INFO: Weiterleitung auf Hauptseite nach Anmeldung [] []
[2022-12-14T12:48:29.183914+00:00] name.INFO: Abmeldung [] []
[2022-12-14T12:48:34.918151+00:00] name.INFO: Anmeldung erfolgreich [] []
[2022-12-14T12:48:34.922111+00:00] name.INFO: Weiterleitung auf Hauptseite nach Anmeldung [] []
[2022-12-14T12:51:27.615614+00:00] name.INFO: Abmeldung [] []
[2022-12-14T12:51:33.141469+00:00] name.INFO: Anmeldung erfolgreich [] []
[2022-12-14T12:51:33.145752+00:00] name.INFO: Weiterleitung auf Hauptseite nach Anmeldung [] []
[2022-12-15T07:08:17.811776+00:00] name.INFO: Abmeldung [] []
[2022-12-15T07:08:22.792319+00:00] name.INFO: Anmeldung erfolgreich [] []
[2022-12-15T07:08:22.797222+00:00] name.INFO: Weiterleitung auf Hauptseite nach Anmeldung [] []
[2022-12-15T07:54:45.084102+00:00] name.INFO: Abmeldung [] []
[2022-12-15T07:56:26.147235+00:00] name.INFO: Anmeldung erfolgreich [] []
[2022-12-15T07:56:26.151876+00:00] name.INFO: Weiterleitung auf Hauptseite nach Anmeldung [] []
[2022-12-15T08:12:36.792244+00:00] name.INFO: Abmeldung [] []
[2022-12-15T08:17:55.391035+00:00] name.WARNING: fehlgeschlagene Anmeldung [] []
[2022-12-15T08:17:55.391035+00:00] name.WARNING: fehlgeschlagene Anmeldung [] []
[2022-12-15T08:18:18.792452+00:00] name.INFO: Anmeldung erfolgreich [] []
[2022-12-15T08:18:18.794275+00:00] name.INFO: Weiterleitung auf Hauptseite nach Anmeldung [] []
[2022-12-15T08:18:30.585417+00:00] name.INFO: Abmeldung [] []
[2022-12-15T08:18:43.832955+00:00] name.INFO: Anmeldung erfolgreich [] []
[2022-12-15T08:18:43.835277+00:00] name.INFO: Weiterleitung auf Hauptseite nach Anmeldung [] []
[2022-12-18T12:46:24.102993+00:00] name.INFO: Anmeldung erfolgreich [] []
[2022-12-18T12:46:24.104576+00:00] name.INFO: Weiterleitung auf Hauptseite nach Anmeldung [] []
[2022-12-18T12:46:50.941627+00:00] name.INFO: Abmeldung [] []
[2022-12-19T07:51:29.774378+00:00] name.INFO: Registrierung erfolgreich [] []
[2022-12-19T07:51:29.777246+00:00] name.INFO: Weiterleitung auf Hauptseite nach Registrierung [] []
[2022-12-19T08:12:30.381212+00:00] name.INFO: Registrierung erfolgreich [] []
[2022-12-19T08:12:30.386920+00:00] name.INFO: Weiterleitung auf Hauptseite nach Registrierung [] []
[2022-12-20T09:28:35.254717+00:00] name.INFO: Registrierung erfolgreich [] []
[2022-12-20T09:28:35.262206+00:00] name.INFO: Weiterleitung auf Hauptseite nach Registrierung [] []
[2022-12-20T09:28:56.854315+00:00] name.WARNING: fehlgeschlagene Anmeldung [] []
[2022-12-20T09:28:56.854315+00:00] name.WARNING: fehlgeschlagene Anmeldung [] []
[2022-12-20T09:28:56.855309+00:00] name.WARNING: fehlgeschlagene Anmeldung [] []
[2022-12-20T09:28:56.855309+00:00] name.WARNING: fehlgeschlagene Anmeldung [] []
[2022-12-20T09:28:56.883110+00:00] name.INFO: Anmeldung erfolgreich [] []
[2022-12-20T09:28:56.883211+00:00] name.INFO: Weiterleitung auf Hauptseite nach Anmeldung [] []
[2022-12-20T11:40:35.111044+00:00] name.INFO: Abmeldung [] []
[2022-12-20T11:43:03.322518+00:00] name.INFO: Abmeldung [] []
[2022-12-20T12:08:05.444822+00:00] name.INFO: Anmeldung erfolgreich [] []
[2022-12-20T12:08:05.448675+00:00] name.INFO: Weiterleitung auf Hauptseite nach Anmeldung [] []
[2022-12-22T12:20:47.155422+00:00] name.INFO: Abmeldung [] []
[2022-12-22T12:23:27.073519+00:00] name.INFO: Anmeldung erfolgreich [] []
[2022-12-22T12:23:27.075771+00:00] name.INFO: Weiterleitung auf Hauptseite nach Anmeldung [] []
[2022-12-22T12:40:28.989539+00:00] name.INFO: Abmeldung [] []
[2022-12-22T13:04:18.594887+00:00] name.INFO: Anmeldung erfolgreich [] []
[2022-12-22T13:04:18.595929+00:00] name.INFO: Weiterleitung auf Hauptseite nach Anmeldung [] []
[2022-12-22T14:22:35.933109+00:00] name.INFO: Abmeldung [] []
[2022-12-22T14:22:40.943544+00:00] name.INFO: Anmeldung erfolgreich [] []
[2022-12-22T14:22:40.945594+00:00] name.INFO: Weiterleitung auf Hauptseite nach Anmeldung [] []
[2022-12-22T14:22:54.206764+00:00] name.INFO: Abmeldung [] []
[2022-12-22T14:29:11.464320+00:00] name.INFO: Registrierung erfolgreich [] []
[2022-12-22T14:29:11.466494+00:00] name.INFO: Weiterleitung auf Hauptseite nach Registrierung [] []
[2022-12-22T14:29:25.958413+00:00] name.WARNING: fehlgeschlagene Anmeldung [] []
[2022-12-22T14:29:25.958413+00:00] name.WARNING: fehlgeschlagene Anmeldung [] []
[2022-12-22T14:29:26.014348+00:00] name.INFO: Anmeldung erfolgreich [] []
[2022-12-22T14:29:26.014627+00:00] name.INFO: Weiterleitung auf Hauptseite nach Anmeldung [] []
[2022-12-22T15:29:51.589761+00:00] name.INFO: Abmeldung [] []
[2022-12-22T15:29:58.810205+00:00] name.INFO: Anmeldung erfolgreich [] []
[2022-12-22T15:29:58.810471+00:00] name.INFO: Weiterleitung auf Hauptseite nach Anmeldung [] []
[2022-12-22T15:32:01.834039+00:00] name.INFO: Abmeldung [] []
[2022-12-22T15:32:06.413393+00:00] name.INFO: Anmeldung erfolgreich [] []
[2022-12-22T15:32:06.413638+00:00] name.INFO: Weiterleitung auf Hauptseite nach Anmeldung [] []
[2022-12-22T15:45:58.079848+00:00] name.INFO: Abmeldung [] []
[2022-12-22T15:46:17.031979+00:00] name.WARNING: fehlgeschlagene Anmeldung [] []
[2022-12-22T15:46:17.031979+00:00] name.WARNING: fehlgeschlagene Anmeldung [] []
[2022-12-22T15:46:17.055682+00:00] name.INFO: Anmeldung erfolgreich [] []
[2022-12-22T15:46:17.055766+00:00] name.INFO: Weiterleitung auf Hauptseite nach Anmeldung [] []
[2022-12-22T15:51:16.328799+00:00] name.INFO: Abmeldung [] []
[2022-12-22T15:51:22.646728+00:00] name.INFO: Anmeldung erfolgreich [] []
[2022-12-22T15:51:22.647153+00:00] name.INFO: Weiterleitung auf Hauptseite nach Anmeldung [] []
[2022-12-22T16:02:58.443147+00:00] name.INFO: Abmeldung [] []
[2022-12-22T16:03:04.306977+00:00] name.INFO: Anmeldung erfolgreich [] []
[2022-12-22T16:03:04.307235+00:00] name.INFO: Weiterleitung auf Hauptseite nach Anmeldung [] []
[2022-12-22T16:05:45.720494+00:00] name.INFO: Abmeldung [] []
[2022-12-22T16:06:04.682109+00:00] name.WARNING: fehlgeschlagene Anmeldung [] []
[2022-12-22T16:06:04.682109+00:00] name.WARNING: fehlgeschlagene Anmeldung [] []
[2022-12-22T16:06:04.703365+00:00] name.INFO: Anmeldung erfolgreich [] []
[2022-12-22T16:06:04.703437+00:00] name.INFO: Weiterleitung auf Hauptseite nach Anmeldung [] []
[2022-12-22T16:08:54.463180+00:00] name.INFO: Abmeldung [] []
[2022-12-23T10:11:27.855837+00:00] name.INFO: Anmeldung erfolgreich [] []
[2022-12-23T10:11:27.857126+00:00] name.INFO: Weiterleitung auf Hauptseite nach Anmeldung [] []
[2022-12-23T10:16:06.466504+00:00] name.INFO: Abmeldung [] []
[2022-12-23T10:16:12.890268+00:00] name.INFO: Anmeldung erfolgreich [] []
[2022-12-23T10:16:12.890525+00:00] name.INFO: Weiterleitung auf Hauptseite nach Anmeldung [] []
[2022-12-23T10:17:49.741128+00:00] name.INFO: Abmeldung [] []
[2022-12-23T10:18:47.969762+00:00] name.INFO: Anmeldung erfolgreich [] []
[2022-12-23T10:18:47.970274+00:00] name.INFO: Weiterleitung auf Hauptseite nach Anmeldung [] []
[2022-12-23T10:20:46.111090+00:00] name.INFO: Abmeldung [] []
[2022-12-23T10:21:00.621254+00:00] name.INFO: Anmeldung erfolgreich [] []
[2022-12-23T10:21:00.621572+00:00] name.INFO: Weiterleitung auf Hauptseite nach Anmeldung [] []
[2022-12-23T10:24:50.019496+00:00] name.INFO: Abmeldung [] []
[2022-12-23T10:51:36.932526+00:00] name.INFO: Anmeldung erfolgreich [] []
[2022-12-23T10:51:36.933535+00:00] name.INFO: Weiterleitung auf Hauptseite nach Anmeldung [] []
[2023-01-03T17:29:02.049936+00:00] name.INFO: Abmeldung [] []
[2023-01-03T17:29:11.046563+00:00] name.INFO: Anmeldung erfolgreich [] []
[2023-01-03T17:29:11.050424+00:00] name.INFO: Weiterleitung auf Hauptseite nach Anmeldung [] []
[2023-01-04T08:39:15.254573+00:00] name.INFO: Abmeldung [] []
[2023-01-04T08:39:20.439134+00:00] name.INFO: Anmeldung erfolgreich [] []
[2023-01-04T08:39:20.440980+00:00] name.INFO: Weiterleitung auf Hauptseite nach Anmeldung [] []
[2023-01-04T08:40:30.942243+00:00] name.INFO: Abmeldung [] []
[2023-01-04T08:40:40.996392+00:00] name.WARNING: fehlgeschlagene Anmeldung [] []
[2023-01-04T08:40:40.996392+00:00] name.WARNING: fehlgeschlagene Anmeldung [] []
[2023-01-04T08:40:41.037931+00:00] name.INFO: Anmeldung erfolgreich [] []
[2023-01-04T08:40:41.038504+00:00] name.INFO: Weiterleitung auf Hauptseite nach Anmeldung [] []
[2023-01-09T09:54:57.906368+00:00] name.INFO: Registrierung erfolgreich [] []
[2023-01-09T09:54:57.908973+00:00] name.INFO: Weiterleitung auf Hauptseite nach Registrierung [] []
[2023-01-09T09:55:11.784747+00:00] name.WARNING: fehlgeschlagene Anmeldung [] []
[2023-01-09T09:55:11.784747+00:00] name.WARNING: fehlgeschlagene Anmeldung [] []
[2023-01-09T09:55:11.785382+00:00] name.WARNING: fehlgeschlagene Anmeldung [] []
[2023-01-09T09:55:11.785382+00:00] name.WARNING: fehlgeschlagene Anmeldung [] []
[2023-01-09T09:55:11.785474+00:00] name.WARNING: fehlgeschlagene Anmeldung [] []
[2023-01-09T09:55:11.785474+00:00] name.WARNING: fehlgeschlagene Anmeldung [] []
[2023-01-09T09:55:11.820444+00:00] name.INFO: Anmeldung erfolgreich [] []
[2023-01-09T09:55:11.820553+00:00] name.INFO: Weiterleitung auf Hauptseite nach Anmeldung [] []
[2023-01-09T10:55:37.306043+00:00] name.INFO: Abmeldung [] []
[2023-01-09T10:55:44.830216+00:00] name.INFO: Anmeldung erfolgreich [] []
[2023-01-09T10:55:44.830458+00:00] name.INFO: Weiterleitung auf Hauptseite nach Anmeldung [] []
[2023-01-09T10:55:54.974497+00:00] name.INFO: Abmeldung [] []
[2023-01-09T10:56:12.496554+00:00] name.WARNING: fehlgeschlagene Anmeldung [] []
[2023-01-09T10:56:12.496554+00:00] name.WARNING: fehlgeschlagene Anmeldung [] []
[2023-01-09T10:56:12.497034+00:00] name.WARNING: fehlgeschlagene Anmeldung [] []
[2023-01-09T10:56:12.497034+00:00] name.WARNING: fehlgeschlagene Anmeldung [] []
[2023-01-09T10:56:12.497106+00:00] name.WARNING: fehlgeschlagene Anmeldung [] []
[2023-01-09T10:56:12.497106+00:00] name.WARNING: fehlgeschlagene Anmeldung [] []
[2023-01-09T10:56:12.521874+00:00] name.INFO: Anmeldung erfolgreich [] []
[2023-01-09T10:56:12.521973+00:00] name.INFO: Weiterleitung auf Hauptseite nach Anmeldung [] []
[2023-01-09T10:56:29.771070+00:00] name.INFO: Abmeldung [] []
[2023-01-09T10:56:34.431627+00:00] name.INFO: Anmeldung erfolgreich [] []
[2023-01-09T10:56:34.431883+00:00] name.INFO: Weiterleitung auf Hauptseite nach Anmeldung [] []
[2023-01-09T11:03:45.857212+00:00] name.INFO: Abmeldung [] []
[2023-01-09T11:03:51.167863+00:00] name.INFO: Anmeldung erfolgreich [] []
[2023-01-09T11:03:51.168227+00:00] name.INFO: Weiterleitung auf Hauptseite nach Anmeldung [] []
[2023-01-09T13:33:20.971417+00:00] name.INFO: Abmeldung [] []
[2023-01-09T13:33:39.834472+00:00] name.WARNING: fehlgeschlagene Anmeldung [] []
[2023-01-09T13:33:39.834472+00:00] name.WARNING: fehlgeschlagene Anmeldung [] []
[2023-01-09T13:33:39.835294+00:00] name.WARNING: fehlgeschlagene Anmeldung [] []
[2023-01-09T13:33:39.835294+00:00] name.WARNING: fehlgeschlagene Anmeldung [] []
[2023-01-09T13:33:39.835356+00:00] name.WARNING: fehlgeschlagene Anmeldung [] []
[2023-01-09T13:33:39.835356+00:00] name.WARNING: fehlgeschlagene Anmeldung [] []
[2023-01-09T13:33:39.879537+00:00] name.INFO: Anmeldung erfolgreich [] []
[2023-01-09T13:33:39.879634+00:00] name.INFO: Weiterleitung auf Hauptseite nach Anmeldung [] []
[2023-01-10T07:05:27.403811+00:00] name.INFO: Abmeldung [] []
[2023-01-10T07:06:21.143262+00:00] name.INFO: Registrierung erfolgreich [] []
[2023-01-10T07:06:21.144022+00:00] name.INFO: Weiterleitung auf Hauptseite nach Registrierung [] []
[2023-01-10T07:06:33.095520+00:00] name.WARNING: fehlgeschlagene Anmeldung [] []
[2023-01-10T07:06:33.095520+00:00] name.WARNING: fehlgeschlagene Anmeldung [] []
[2023-01-10T07:06:33.095837+00:00] name.WARNING: fehlgeschlagene Anmeldung [] []
[2023-01-10T07:06:33.095837+00:00] name.WARNING: fehlgeschlagene Anmeldung [] []
[2023-01-10T07:06:33.095896+00:00] name.WARNING: fehlgeschlagene Anmeldung [] []
[2023-01-10T07:06:33.095896+00:00] name.WARNING: fehlgeschlagene Anmeldung [] []
[2023-01-10T07:06:33.095991+00:00] name.WARNING: fehlgeschlagene Anmeldung [] []
[2023-01-10T07:06:33.095991+00:00] name.WARNING: fehlgeschlagene Anmeldung [] []
[2023-01-10T07:06:33.096058+00:00] name.WARNING: fehlgeschlagene Anmeldung [] []
[2023-01-10T07:06:33.096058+00:00] name.WARNING: fehlgeschlagene Anmeldung [] []
[2023-01-10T07:06:47.786707+00:00] name.WARNING: fehlgeschlagene Anmeldung [] []
[2023-01-10T07:06:47.786707+00:00] name.WARNING: fehlgeschlagene Anmeldung [] []
[2023-01-10T07:06:47.787182+00:00] name.WARNING: fehlgeschlagene Anmeldung [] []
[2023-01-10T07:06:47.787182+00:00] name.WARNING: fehlgeschlagene Anmeldung [] []
[2023-01-10T07:06:47.787244+00:00] name.WARNING: fehlgeschlagene Anmeldung [] []
[2023-01-10T07:06:47.787244+00:00] name.WARNING: fehlgeschlagene Anmeldung [] []
[2023-01-10T07:06:47.787299+00:00] name.WARNING: fehlgeschlagene Anmeldung [] []
[2023-01-10T07:06:47.787299+00:00] name.WARNING: fehlgeschlagene Anmeldung [] []
[2023-01-10T07:06:47.795041+00:00] name.WARNING: fehlgeschlagene Anmeldung [] []
[2023-01-10T07:06:47.795041+00:00] name.WARNING: fehlgeschlagene Anmeldung [] []
[2023-01-10T07:07:08.453593+00:00] name.WARNING: fehlgeschlagene Anmeldung [] []
[2023-01-10T07:07:08.453593+00:00] name.WARNING: fehlgeschlagene Anmeldung [] []
[2023-01-10T07:07:08.454090+00:00] name.WARNING: fehlgeschlagene Anmeldung [] []
[2023-01-10T07:07:08.454090+00:00] name.WARNING: fehlgeschlagene Anmeldung [] []
[2023-01-10T07:07:08.454152+00:00] name.WARNING: fehlgeschlagene Anmeldung [] []
[2023-01-10T07:07:08.454152+00:00] name.WARNING: fehlgeschlagene Anmeldung [] []
[2023-01-10T07:07:08.454230+00:00] name.WARNING: fehlgeschlagene Anmeldung [] []
[2023-01-10T07:07:08.454230+00:00] name.WARNING: fehlgeschlagene Anmeldung [] []
[2023-01-10T07:07:08.480932+00:00] name.INFO: Anmeldung erfolgreich [] []
[2023-01-10T07:07:08.481050+00:00] name.INFO: Weiterleitung auf Hauptseite nach Anmeldung [] []
[2023-01-10T07:07:14.287039+00:00] name.INFO: Abmeldung [] []
[2023-01-10T07:07:19.438728+00:00] name.INFO: Anmeldung erfolgreich [] []
[2023-01-10T07:07:19.439130+00:00] name.INFO: Weiterleitung auf Hauptseite nach Anmeldung [] []
